This is pdfTeX, Version 3.14159265-2.6-1.40.16 (TeX Live 2015/Arch Linux) (preloaded format=pdflatex 2015.12.22)  31 JUL 2016 16:25
entering extended mode
 restricted \write18 enabled.
 %&-line parsing enabled.
**thesis
(./thesis.tex
LaTeX2e <2015/10/01> patch level 2
Babel <3.9m> and hyphenation patterns for 79 languages loaded.
(/usr/share/texmf-dist/tex/latex/base/report.cls
Document Class: report 2014/09/29 v1.4h Standard LaTeX document class
(/usr/share/texmf-dist/tex/latex/base/size11.clo
File: size11.clo 2014/09/29 v1.4h Standard LaTeX file (size option)
)
\c@part=\count79
\c@chapter=\count80
\c@section=\count81
\c@subsection=\count82
\c@subsubsection=\count83
\c@paragraph=\count84
\c@subparagraph=\count85
\c@figure=\count86
\c@table=\count87
\abovecaptionskip=\skip41
\belowcaptionskip=\skip42
\bibindent=\dimen102
)
\@indexfile=\write3
\openout3 = `thesis.idx'.


Writing index file thesis.idx
(./mathphdthesis.sty
\textheit=\skip43
\textwid=\skip44
 (/usr/share/texmf-dist/tex/latex/graphics/graphicx.sty
Package: graphicx 2014/10/28 v1.0g Enhanced LaTeX Graphics (DPC,SPQR)

(/usr/share/texmf-dist/tex/latex/graphics/keyval.sty
Package: keyval 2014/10/28 v1.15 key=value parser (DPC)
\KV@toks@=\toks14
)
(/usr/share/texmf-dist/tex/latex/graphics/graphics.sty
Package: graphics 2014/10/28 v1.0p Standard LaTeX Graphics (DPC,SPQR)

(/usr/share/texmf-dist/tex/latex/graphics/trig.sty
Package: trig 1999/03/16 v1.09 sin cos tan (DPC)
)
(/usr/share/texmf-dist/tex/latex/latexconfig/graphics.cfg
File: graphics.cfg 2010/04/23 v1.9 graphics configuration of TeX Live
)
Package graphics Info: Driver file: pdftex.def on input line 94.

(/usr/share/texmf-dist/tex/latex/pdftex-def/pdftex.def
File: pdftex.def 2011/05/27 v0.06d Graphics/color for pdfTeX

(/usr/share/texmf-dist/tex/generic/oberdiek/infwarerr.sty
Package: infwarerr 2010/04/08 v1.3 Providing info/warning/error messages (HO)
)
(/usr/share/texmf-dist/tex/generic/oberdiek/ltxcmds.sty
Package: ltxcmds 2011/11/09 v1.22 LaTeX kernel commands for general use (HO)
)
\Gread@gobject=\count88
))
\Gin@req@height=\dimen103
\Gin@req@width=\dimen104
)
(/usr/share/texmf-dist/tex/latex/base/makeidx.sty
Package: makeidx 2014/09/29 v1.0m Standard LaTeX package
)
(/usr/share/texmf-dist/tex/latex/tocbibind/tocbibind.sty
Package: tocbibind 2010/10/13 v1.5k extra ToC listings
Package tocbibind Info: The document has chapter divisions on input line 50.


Package tocbibind Note: Using chapter style headings, unless overridden.

) (/usr/share/texmf-dist/tex/latex/sectsty/sectsty.sty
Package: sectsty 2002/02/25 v2.0.2 Commands to change all sectional heading sty
les
)
(/usr/share/texmf-dist/tex/latex/fancyhdr/fancyhdr.sty
\fancy@headwidth=\skip45
\f@ncyO@elh=\skip46
\f@ncyO@erh=\skip47
\f@ncyO@olh=\skip48
\f@ncyO@orh=\skip49
\f@ncyO@elf=\skip50
\f@ncyO@erf=\skip51
\f@ncyO@olf=\skip52
\f@ncyO@orf=\skip53
)
\li=\skip54
\signed=\skip55
)
(/usr/share/texmf-dist/tex/latex/ntgclass/a4.sty
Package: a4 2004/04/15 v1.2g A4 based page layout
)
(/usr/share/texmf-dist/tex/latex/algorithms/algorithm.sty
Package: algorithm 2009/08/24 v0.1 Document Style `algorithm' - floating enviro
nment

(/usr/share/texmf-dist/tex/latex/float/float.sty
Package: float 2001/11/08 v1.3d Float enhancements (AL)
\c@float@type=\count89
\float@exts=\toks15
\float@box=\box26
\@float@everytoks=\toks16
\@floatcapt=\box27
)
(/usr/share/texmf-dist/tex/latex/base/ifthen.sty
Package: ifthen 2014/09/29 v1.1c Standard LaTeX ifthen package (DPC)
)
\@float@every@algorithm=\toks17
\c@algorithm=\count90
)
(/usr/share/texmf-dist/tex/latex/algorithmicx/algpseudocode.sty
Package: algpseudocode 

(/usr/share/texmf-dist/tex/latex/algorithmicx/algorithmicx.sty
Package: algorithmicx 2005/04/27 v1.2 Algorithmicx

Document Style algorithmicx 1.2 - a greatly improved `algorithmic' style
\c@ALG@line=\count91
\c@ALG@rem=\count92
\c@ALG@nested=\count93
\ALG@tlm=\skip56
\ALG@thistlm=\skip57
\c@ALG@Lnr=\count94
\c@ALG@blocknr=\count95
\c@ALG@storecount=\count96
\c@ALG@tmpcounter=\count97
\ALG@tmplength=\skip58
)
Document Style - pseudocode environments for use with the `algorithmicx' style
) (/usr/share/texmf-dist/tex/latex/amsmath/amsmath.sty
Package: amsmath 2013/01/14 v2.14 AMS math features
\@mathmargin=\skip59

For additional information on amsmath, use the `?' option.
(/usr/share/texmf-dist/tex/latex/amsmath/amstext.sty
Package: amstext 2000/06/29 v2.01

(/usr/share/texmf-dist/tex/latex/amsmath/amsgen.sty
File: amsgen.sty 1999/11/30 v2.0
\@emptytoks=\toks18
\ex@=\dimen105
))
(/usr/share/texmf-dist/tex/latex/amsmath/amsbsy.sty
Package: amsbsy 1999/11/29 v1.2d
\pmbraise@=\dimen106
)
(/usr/share/texmf-dist/tex/latex/amsmath/amsopn.sty
Package: amsopn 1999/12/14 v2.01 operator names
)
\inf@bad=\count98
LaTeX Info: Redefining \frac on input line 210.
\uproot@=\count99
\leftroot@=\count100
LaTeX Info: Redefining \overline on input line 306.
\classnum@=\count101
\DOTSCASE@=\count102
LaTeX Info: Redefining \ldots on input line 378.
LaTeX Info: Redefining \dots on input line 381.
LaTeX Info: Redefining \cdots on input line 466.
\Mathstrutbox@=\box28
\strutbox@=\box29
\big@size=\dimen107
LaTeX Font Info:    Redeclaring font encoding OML on input line 566.
LaTeX Font Info:    Redeclaring font encoding OMS on input line 567.
\macc@depth=\count103
\c@MaxMatrixCols=\count104
\dotsspace@=\muskip10
\c@parentequation=\count105
\dspbrk@lvl=\count106
\tag@help=\toks19
\row@=\count107
\column@=\count108
\maxfields@=\count109
\andhelp@=\toks20
\eqnshift@=\dimen108
\alignsep@=\dimen109
\tagshift@=\dimen110
\tagwidth@=\dimen111
\totwidth@=\dimen112
\lineht@=\dimen113
\@envbody=\toks21
\multlinegap=\skip60
\multlinetaggap=\skip61
\mathdisplay@stack=\toks22
LaTeX Info: Redefining \[ on input line 2665.
LaTeX Info: Redefining \] on input line 2666.
)
(/usr/share/texmf-dist/tex/latex/amsfonts/amssymb.sty
Package: amssymb 2013/01/14 v3.01 AMS font symbols

(/usr/share/texmf-dist/tex/latex/amsfonts/amsfonts.sty
Package: amsfonts 2013/01/14 v3.01 Basic AMSFonts support
\symAMSa=\mathgroup4
\symAMSb=\mathgroup5
LaTeX Font Info:    Overwriting math alphabet `\mathfrak' in version `bold'
(Font)                  U/euf/m/n --> U/euf/b/n on input line 106.
))
(/usr/share/texmf-dist/tex/latex/amscls/amsthm.sty
Package: amsthm 2015/03/04 v2.20.2
\thm@style=\toks23
\thm@bodyfont=\toks24
\thm@headfont=\toks25
\thm@notefont=\toks26
\thm@headpunct=\toks27
\thm@preskip=\skip62
\thm@postskip=\skip63
\thm@headsep=\skip64
\dth@everypar=\toks28
)
(/usr/share/texmf-dist/tex/latex/enumitem/enumitem.sty
Package: enumitem 2011/09/28 v3.5.2 Customized lists
\labelindent=\skip65
\enit@outerparindent=\dimen114
\enit@toks=\toks29
\enit@inbox=\box30
\enitdp@description=\count110
)
(/usr/share/texmf-dist/tex/latex/lm/lmodern.sty
Package: lmodern 2009/10/30 v1.6 Latin Modern Fonts
LaTeX Font Info:    Overwriting symbol font `operators' in version `normal'
(Font)                  OT1/cmr/m/n --> OT1/lmr/m/n on input line 22.
LaTeX Font Info:    Overwriting symbol font `letters' in version `normal'
(Font)                  OML/cmm/m/it --> OML/lmm/m/it on input line 23.
LaTeX Font Info:    Overwriting symbol font `symbols' in version `normal'
(Font)                  OMS/cmsy/m/n --> OMS/lmsy/m/n on input line 24.
LaTeX Font Info:    Overwriting symbol font `largesymbols' in version `normal'
(Font)                  OMX/cmex/m/n --> OMX/lmex/m/n on input line 25.
LaTeX Font Info:    Overwriting symbol font `operators' in version `bold'
(Font)                  OT1/cmr/bx/n --> OT1/lmr/bx/n on input line 26.
LaTeX Font Info:    Overwriting symbol font `letters' in version `bold'
(Font)                  OML/cmm/b/it --> OML/lmm/b/it on input line 27.
LaTeX Font Info:    Overwriting symbol font `symbols' in version `bold'
(Font)                  OMS/cmsy/b/n --> OMS/lmsy/b/n on input line 28.
LaTeX Font Info:    Overwriting symbol font `largesymbols' in version `bold'
(Font)                  OMX/cmex/m/n --> OMX/lmex/m/n on input line 29.
LaTeX Font Info:    Overwriting math alphabet `\mathbf' in version `normal'
(Font)                  OT1/cmr/bx/n --> OT1/lmr/bx/n on input line 31.
LaTeX Font Info:    Overwriting math alphabet `\mathsf' in version `normal'
(Font)                  OT1/cmss/m/n --> OT1/lmss/m/n on input line 32.
LaTeX Font Info:    Overwriting math alphabet `\mathit' in version `normal'
(Font)                  OT1/cmr/m/it --> OT1/lmr/m/it on input line 33.
LaTeX Font Info:    Overwriting math alphabet `\mathtt' in version `normal'
(Font)                  OT1/cmtt/m/n --> OT1/lmtt/m/n on input line 34.
LaTeX Font Info:    Overwriting math alphabet `\mathbf' in version `bold'
(Font)                  OT1/cmr/bx/n --> OT1/lmr/bx/n on input line 35.
LaTeX Font Info:    Overwriting math alphabet `\mathsf' in version `bold'
(Font)                  OT1/cmss/bx/n --> OT1/lmss/bx/n on input line 36.
LaTeX Font Info:    Overwriting math alphabet `\mathit' in version `bold'
(Font)                  OT1/cmr/bx/it --> OT1/lmr/bx/it on input line 37.
LaTeX Font Info:    Overwriting math alphabet `\mathtt' in version `bold'
(Font)                  OT1/cmtt/m/n --> OT1/lmtt/m/n on input line 38.
)
(/usr/share/texmf-dist/tex/latex/mathtools/mathtools.sty
Package: mathtools 2015/11/12 v1.18 mathematical typesetting tools

(/usr/share/texmf-dist/tex/latex/tools/calc.sty
Package: calc 2014/10/28 v4.3 Infix arithmetic (KKT,FJ)
\calc@Acount=\count111
\calc@Bcount=\count112
\calc@Adimen=\dimen115
\calc@Bdimen=\dimen116
\calc@Askip=\skip66
\calc@Bskip=\skip67
LaTeX Info: Redefining \setlength on input line 80.
LaTeX Info: Redefining \addtolength on input line 81.
\calc@Ccount=\count113
\calc@Cskip=\skip68
)
(/usr/share/texmf-dist/tex/latex/mathtools/mhsetup.sty
Package: mhsetup 2010/01/21 v1.2a programming setup (MH)
)
LaTeX Info: Thecontrolsequence`\('isalreadyrobust on input line 129.
LaTeX Info: Thecontrolsequence`\)'isalreadyrobust on input line 129.
LaTeX Info: Thecontrolsequence`\['isalreadyrobust on input line 129.
LaTeX Info: Thecontrolsequence`\]'isalreadyrobust on input line 129.
\g_MT_multlinerow_int=\count114
\l_MT_multwidth_dim=\dimen117
\origjot=\skip69
\l_MT_shortvdotswithinadjustabove_dim=\dimen118
\l_MT_shortvdotswithinadjustbelow_dim=\dimen119
\l_MT_above_intertext_sep=\dimen120
\l_MT_below_intertext_sep=\dimen121
\l_MT_above_shortintertext_sep=\dimen122
\l_MT_below_shortintertext_sep=\dimen123
)
(/usr/share/texmf-dist/tex/latex/url/url.sty
\Urlmuskip=\muskip11
Package: url 2013/09/16  ver 3.4  Verb mode for urls, etc.
)
(/usr/share/texmf-dist/tex/latex/lineno/lineno.sty
Package: lineno 2005/11/02 line numbers on paragraphs v4.41
\linenopenalty=\count115
\output=\toks30
\linenoprevgraf=\count116
\linenumbersep=\dimen124
\linenumberwidth=\dimen125
\c@linenumber=\count117
\c@pagewiselinenumber=\count118
\c@LN@truepage=\count119
\c@internallinenumber=\count120
\c@internallinenumbers=\count121
\quotelinenumbersep=\dimen126
\bframerule=\dimen127
\bframesep=\dimen128
\bframebox=\box31
LaTeX Info: Redefining \\ on input line 3056.
)
(/usr/share/texmf-dist/tex/latex/oberdiek/pdflscape.sty
Package: pdflscape 2008/08/11 v0.10 Display of landscape pages in PDF (HO)

(/usr/share/texmf-dist/tex/latex/graphics/lscape.sty
Package: lscape 2000/10/22 v3.01 Landscape Pages (DPC)
)
(/usr/share/texmf-dist/tex/generic/oberdiek/ifpdf.sty
Package: ifpdf 2011/01/30 v2.3 Provides the ifpdf switch (HO)
Package ifpdf Info: pdfTeX in PDF mode is detected.
)
Package pdflscape Info: Auto-detected driver: pdftex on input line 80.

(/usr/share/texmf-dist/tex/generic/ifxetex/ifxetex.sty
Package: ifxetex 2010/09/12 v0.6 Provides ifxetex conditional
))
(/usr/share/texmf-dist/tex/latex/listings/listings.sty
\lst@mode=\count122
\lst@gtempboxa=\box32
\lst@token=\toks31
\lst@length=\count123
\lst@currlwidth=\dimen129
\lst@column=\count124
\lst@pos=\count125
\lst@lostspace=\dimen130
\lst@width=\dimen131
\lst@newlines=\count126
\lst@lineno=\count127
\lst@maxwidth=\dimen132

(/usr/share/texmf-dist/tex/latex/listings/lstmisc.sty
File: lstmisc.sty 2015/06/04 1.6 (Carsten Heinz)
\c@lstnumber=\count128
\lst@skipnumbers=\count129
\lst@framebox=\box33
)
(/usr/share/texmf-dist/tex/latex/listings/listings.cfg
File: listings.cfg 2015/06/04 1.6 listings configuration
))
Package: listings 2015/06/04 1.6 (Carsten Heinz)

(/usr/share/texmf-dist/tex/latex/graphics/color.sty
Package: color 2014/10/28 v1.1a Standard LaTeX Color (DPC)

(/usr/share/texmf-dist/tex/latex/latexconfig/color.cfg
File: color.cfg 2007/01/18 v1.5 color configuration of teTeX/TeXLive
)
Package color Info: Driver file: pdftex.def on input line 142.
)
(/usr/share/texmf-dist/tex/latex/base/textcomp.sty
Package: textcomp 2005/09/27 v1.99g Standard LaTeX package
Package textcomp Info: Sub-encoding information:
(textcomp)               5 = only ISO-Adobe without \textcurrency
(textcomp)               4 = 5 + \texteuro
(textcomp)               3 = 4 + \textohm
(textcomp)               2 = 3 + \textestimated + \textcurrency
(textcomp)               1 = TS1 - \textcircled - \t
(textcomp)               0 = TS1 (full)
(textcomp)             Font families with sub-encoding setting implement
(textcomp)             only a restricted character set as indicated.
(textcomp)             Family '?' is the default used for unknown fonts.
(textcomp)             See the documentation for details.
Package textcomp Info: Setting ? sub-encoding to TS1/1 on input line 79.

(/usr/share/texmf-dist/tex/latex/base/ts1enc.def
File: ts1enc.def 2001/06/05 v3.0e (jk/car/fm) Standard LaTeX file
)
LaTeX Info: Redefining \oldstylenums on input line 334.
Package textcomp Info: Setting cmr sub-encoding to TS1/0 on input line 349.
Package textcomp Info: Setting cmss sub-encoding to TS1/0 on input line 350.
Package textcomp Info: Setting cmtt sub-encoding to TS1/0 on input line 351.
Package textcomp Info: Setting cmvtt sub-encoding to TS1/0 on input line 352.
Package textcomp Info: Setting cmbr sub-encoding to TS1/0 on input line 353.
Package textcomp Info: Setting cmtl sub-encoding to TS1/0 on input line 354.
Package textcomp Info: Setting ccr sub-encoding to TS1/0 on input line 355.
Package textcomp Info: Setting ptm sub-encoding to TS1/4 on input line 356.
Package textcomp Info: Setting pcr sub-encoding to TS1/4 on input line 357.
Package textcomp Info: Setting phv sub-encoding to TS1/4 on input line 358.
Package textcomp Info: Setting ppl sub-encoding to TS1/3 on input line 359.
Package textcomp Info: Setting pag sub-encoding to TS1/4 on input line 360.
Package textcomp Info: Setting pbk sub-encoding to TS1/4 on input line 361.
Package textcomp Info: Setting pnc sub-encoding to TS1/4 on input line 362.
Package textcomp Info: Setting pzc sub-encoding to TS1/4 on input line 363.
Package textcomp Info: Setting bch sub-encoding to TS1/4 on input line 364.
Package textcomp Info: Setting put sub-encoding to TS1/5 on input line 365.
Package textcomp Info: Setting uag sub-encoding to TS1/5 on input line 366.
Package textcomp Info: Setting ugq sub-encoding to TS1/5 on input line 367.
Package textcomp Info: Setting ul8 sub-encoding to TS1/4 on input line 368.
Package textcomp Info: Setting ul9 sub-encoding to TS1/4 on input line 369.
Package textcomp Info: Setting augie sub-encoding to TS1/5 on input line 370.
Package textcomp Info: Setting dayrom sub-encoding to TS1/3 on input line 371.
Package textcomp Info: Setting dayroms sub-encoding to TS1/3 on input line 372.

Package textcomp Info: Setting pxr sub-encoding to TS1/0 on input line 373.
Package textcomp Info: Setting pxss sub-encoding to TS1/0 on input line 374.
Package textcomp Info: Setting pxtt sub-encoding to TS1/0 on input line 375.
Package textcomp Info: Setting txr sub-encoding to TS1/0 on input line 376.
Package textcomp Info: Setting txss sub-encoding to TS1/0 on input line 377.
Package textcomp Info: Setting txtt sub-encoding to TS1/0 on input line 378.
Package textcomp Info: Setting lmr sub-encoding to TS1/0 on input line 379.
Package textcomp Info: Setting lmdh sub-encoding to TS1/0 on input line 380.
Package textcomp Info: Setting lmss sub-encoding to TS1/0 on input line 381.
Package textcomp Info: Setting lmssq sub-encoding to TS1/0 on input line 382.
Package textcomp Info: Setting lmvtt sub-encoding to TS1/0 on input line 383.
Package textcomp Info: Setting lmtt sub-encoding to TS1/0 on input line 384.
Package textcomp Info: Setting qhv sub-encoding to TS1/0 on input line 385.
Package textcomp Info: Setting qag sub-encoding to TS1/0 on input line 386.
Package textcomp Info: Setting qbk sub-encoding to TS1/0 on input line 387.
Package textcomp Info: Setting qcr sub-encoding to TS1/0 on input line 388.
Package textcomp Info: Setting qcs sub-encoding to TS1/0 on input line 389.
Package textcomp Info: Setting qpl sub-encoding to TS1/0 on input line 390.
Package textcomp Info: Setting qtm sub-encoding to TS1/0 on input line 391.
Package textcomp Info: Setting qzc sub-encoding to TS1/0 on input line 392.
Package textcomp Info: Setting qhvc sub-encoding to TS1/0 on input line 393.
Package textcomp Info: Setting futs sub-encoding to TS1/4 on input line 394.
Package textcomp Info: Setting futx sub-encoding to TS1/4 on input line 395.
Package textcomp Info: Setting futj sub-encoding to TS1/4 on input line 396.
Package textcomp Info: Setting hlh sub-encoding to TS1/3 on input line 397.
Package textcomp Info: Setting hls sub-encoding to TS1/3 on input line 398.
Package textcomp Info: Setting hlst sub-encoding to TS1/3 on input line 399.
Package textcomp Info: Setting hlct sub-encoding to TS1/5 on input line 400.
Package textcomp Info: Setting hlx sub-encoding to TS1/5 on input line 401.
Package textcomp Info: Setting hlce sub-encoding to TS1/5 on input line 402.
Package textcomp Info: Setting hlcn sub-encoding to TS1/5 on input line 403.
Package textcomp Info: Setting hlcw sub-encoding to TS1/5 on input line 404.
Package textcomp Info: Setting hlcf sub-encoding to TS1/5 on input line 405.
Package textcomp Info: Setting pplx sub-encoding to TS1/3 on input line 406.
Package textcomp Info: Setting pplj sub-encoding to TS1/3 on input line 407.
Package textcomp Info: Setting ptmx sub-encoding to TS1/4 on input line 408.
Package textcomp Info: Setting ptmj sub-encoding to TS1/4 on input line 409.
) (./lstlang0.sty)
(/usr/share/texmf-dist/tex/latex/natbib/natbib.sty
Package: natbib 2010/09/13 8.31b (PWD, AO)
\bibhang=\skip70
\bibsep=\skip71
LaTeX Info: Redefining \cite on input line 694.
\c@NAT@ctr=\count130
)
(/usr/share/texmf-dist/tex/latex/fundus-calligra/calligra.sty
Package: calligra 2012/04/10 v1.9 LaTeX package calligra
)
Got packages
Starting document
(./prelude.tex (./manifest.tex
******* in manifest.tex
\c@definition=\count131
\c@corollary=\count132
\c@proposition=\count133
\c@lemma=\count134
\c@theorem=\count135
\c@remark=\count136
\c@example=\count137
)) (./newcom.tex) (./chap1.tex (./thesis.aux)
\openout1 = `thesis.aux'.

LaTeX Font Info:    Checking defaults for OML/cmm/m/it on input line 1.
LaTeX Font Info:    ... okay on input line 1.
LaTeX Font Info:    Checking defaults for T1/cmr/m/n on input line 1.
LaTeX Font Info:    ... okay on input line 1.
LaTeX Font Info:    Checking defaults for OT1/cmr/m/n on input line 1.
LaTeX Font Info:    ... okay on input line 1.
LaTeX Font Info:    Checking defaults for OMS/cmsy/m/n on input line 1.
LaTeX Font Info:    ... okay on input line 1.
LaTeX Font Info:    Checking defaults for OMX/cmex/m/n on input line 1.
LaTeX Font Info:    ... okay on input line 1.
LaTeX Font Info:    Checking defaults for U/cmr/m/n on input line 1.
LaTeX Font Info:    ... okay on input line 1.
LaTeX Font Info:    Checking defaults for TS1/cmr/m/n on input line 1.
LaTeX Font Info:    Try loading font information for TS1+cmr on input line 1.

(/usr/share/texmf-dist/tex/latex/base/ts1cmr.fd
File: ts1cmr.fd 2014/09/29 v2.5h Standard LaTeX font definitions
)
LaTeX Font Info:    ... okay on input line 1.
LaTeX Font Info:    Try loading font information for OT1+lmr on input line 1.

(/usr/share/texmf-dist/tex/latex/lm/ot1lmr.fd
File: ot1lmr.fd 2009/10/30 v1.6 Font defs for Latin Modern
)
(/usr/share/texmf-dist/tex/context/base/supp-pdf.mkii
[Loading MPS to PDF converter (version 2006.09.02).]
\scratchcounter=\count138
\scratchdimen=\dimen133
\scratchbox=\box34
\nofMPsegments=\count139
\nofMParguments=\count140
\everyMPshowfont=\toks32
\MPscratchCnt=\count141
\MPscratchDim=\dimen134
\MPnumerator=\count142
\makeMPintoPDFobject=\count143
\everyMPtoPDFconversion=\toks33
) (/usr/share/texmf-dist/tex/generic/oberdiek/pdftexcmds.sty
Package: pdftexcmds 2011/11/29 v0.20 Utility functions of pdfTeX for LuaTeX (HO
)

(/usr/share/texmf-dist/tex/generic/oberdiek/ifluatex.sty
Package: ifluatex 2010/03/01 v1.3 Provides the ifluatex switch (HO)
Package ifluatex Info: LuaTeX not detected.
)
Package pdftexcmds Info: LuaTeX not detected.
Package pdftexcmds Info: \pdf@primitive is available.
Package pdftexcmds Info: \pdf@ifprimitive is available.
Package pdftexcmds Info: \pdfdraftmode found.
)
(/usr/share/texmf-dist/tex/latex/oberdiek/epstopdf-base.sty
Package: epstopdf-base 2010/02/09 v2.5 Base part for package epstopdf

(/usr/share/texmf-dist/tex/latex/oberdiek/grfext.sty
Package: grfext 2010/08/19 v1.1 Manage graphics extensions (HO)

(/usr/share/texmf-dist/tex/generic/oberdiek/kvdefinekeys.sty
Package: kvdefinekeys 2011/04/07 v1.3 Define keys (HO)
))
(/usr/share/texmf-dist/tex/latex/oberdiek/kvoptions.sty
Package: kvoptions 2011/06/30 v3.11 Key value format for package options (HO)

(/usr/share/texmf-dist/tex/generic/oberdiek/kvsetkeys.sty
Package: kvsetkeys 2012/04/25 v1.16 Key value parser (HO)

(/usr/share/texmf-dist/tex/generic/oberdiek/etexcmds.sty
Package: etexcmds 2011/02/16 v1.5 Avoid name clashes with e-TeX commands (HO)
Package etexcmds Info: Could not find \expanded.
(etexcmds)             That can mean that you are not using pdfTeX 1.50 or
(etexcmds)             that some package has redefined \expanded.
(etexcmds)             In the latter case, load this package earlier.
)))
Package grfext Info: Graphics extension search list:
(grfext)             [.pdf,.png,.eps]
(grfext)             \AppendGraphicsExtensions on input line 452.

(/usr/share/texmf-dist/tex/latex/latexconfig/epstopdf-sys.cfg
File: epstopdf-sys.cfg 2010/07/13 v1.3 Configuration of (r)epstopdf for TeX Liv
e
))
\c@lstlisting=\count144

<Utas_vert_BW.pdf, id=1, 614.295pt x 794.97pt>
File: Utas_vert_BW.pdf Graphic file (type pdf)
 <use Utas_vert_BW.pdf>
Package pdftex.def Info: Utas_vert_BW.pdf used on input line 4.
(pdftex.def)             Requested size: 614.29349pt x 794.96806pt.
 [1

{/var/lib/texmf/fonts/map/pdftex/updmap/pdftex.map}] [2 <./Utas_vert_BW.pdf>] [
3]
[4] [1]
Chapter 1.
[2

]
LaTeX Font Info:    Try loading font information for OML+lmm on input line 63.
 (/usr/share/texmf-dist/tex/latex/lm/omllmm.fd
File: omllmm.fd 2009/10/30 v1.6 Font defs for Latin Modern
)
LaTeX Font Info:    Try loading font information for OMS+lmsy on input line 63.


(/usr/share/texmf-dist/tex/latex/lm/omslmsy.fd
File: omslmsy.fd 2009/10/30 v1.6 Font defs for Latin Modern
)
LaTeX Font Info:    Try loading font information for OMX+lmex on input line 63.


(/usr/share/texmf-dist/tex/latex/lm/omxlmex.fd
File: omxlmex.fd 2009/10/30 v1.6 Font defs for Latin Modern
)
LaTeX Font Info:    External font `lmex10' loaded for size
(Font)              <10.95> on input line 63.
LaTeX Font Info:    External font `lmex10' loaded for size
(Font)              <8> on input line 63.
LaTeX Font Info:    External font `lmex10' loaded for size
(Font)              <6> on input line 63.
LaTeX Font Info:    Try loading font information for U+msa on input line 63.

(/usr/share/texmf-dist/tex/latex/amsfonts/umsa.fd
File: umsa.fd 2013/01/14 v3.01 AMS symbols A
)
LaTeX Font Info:    Try loading font information for U+msb on input line 63.

(/usr/share/texmf-dist/tex/latex/amsfonts/umsb.fd
File: umsb.fd 2013/01/14 v3.01 AMS symbols B
)
LaTeX Font Info:    External font `lmex10' loaded for size
(Font)              <9> on input line 63.
LaTeX Font Info:    External font `lmex10' loaded for size
(Font)              <5> on input line 63.
LaTeX Font Info:    Try loading font information for OT1+lmtt on input line 99.


(/usr/share/texmf-dist/tex/latex/lm/ot1lmtt.fd
File: ot1lmtt.fd 2009/10/30 v1.6 Font defs for Latin Modern
) [3]) (./chap2.tex [4]
Chapter 2.
[5

] [6] [7] [8] [9] [10] [11] [12]
Overfull \hbox (4.77264pt too wide) in paragraph at lines 462--467
\OT1/lmr/m/n/10.95 where $\OML/lmm/m/it/10.95 u \OT1/lmr/m/n/10.95 = 0\OML/lmm/
m/it/10.95 :\OT1/lmr/m/n/10.95 02$ is the up-take rate, a de-cay rate which is 
ap-prox-i-mately $\OML/lmm/m/it/10.95 ^^U \OT1/lmr/m/n/10.95 =$0.0059.
 []

[13] [14] [15]

LaTeX Warning: `h' float specifier changed to `ht'.


LaTeX Warning: `h' float specifier changed to `ht'.

[16] [17] [18] [19] [20]) (./chap3.tex [21]
Chapter 3.
LaTeX Font Info:    Try loading font information for OT1+lmss on input line 63.

(/usr/share/texmf-dist/tex/latex/lm/ot1lmss.fd
File: ot1lmss.fd 2009/10/30 v1.6 Font defs for Latin Modern
) [22

] [23]
Overfull \hbox (38.0129pt too wide) in paragraph at lines 240--240
[] 
 []


Overfull \hbox (55.21669pt too wide) in paragraph at lines 274--274
[] 
 []

[24] [25]
Overfull \hbox (37.58366pt too wide) in paragraph at lines 407--410
[]\OT1/lmr/m/n/10.95 Now sup-pose that there is some num-ber $\OML/lmm/m/it/10.
95 n$ \OT1/lmr/m/n/10.95 for which $[]( []) \OMS/lmsy/m/n/10.95 ^^T \OML/lmm/m/
it/10.95 n [] []\OT1/lmr/m/n/10.95 ( []) \OMS/lmsy/m/n/10.95 ^^T
 []

[26]
Overfull \hbox (85.2986pt too wide) in paragraph at lines 419--419
[] 
 []


Overfull \hbox (35.86964pt too wide) in paragraph at lines 425--425
[] 
 []

[27]
Overfull \hbox (67.19711pt too wide) in paragraph at lines 486--486
[] 
 []

[28]
Overfull \hbox (3.25043pt too wide) in paragraph at lines 524--525
[]
 []


Underfull \hbox (badness 10000) in paragraph at lines 524--525

 []

[29] [30]
LaTeX Font Info:    External font `lmex10' loaded for size
(Font)              <12> on input line 655.
 [31] [32]
LaTeX Font Info:    Try loading font information for U+euf on input line 756.
 (/usr/share/texmf-dist/tex/latex/amsfonts/ueuf.fd
File: ueuf.fd 2013/01/14 v3.01 Euler Fraktur
) [33]
[34] [35]) (./chap4.tex [36] [37]
Chapter 4.
[38

] [39] [40] [41]
Package epstopdf Info: Source file: <Figure1.eps>
(epstopdf)                    date: 2015-12-22 07:48:59
(epstopdf)                    size: 96987 bytes
(epstopdf)             Output file: <Figure1-eps-converted-to.pdf>
(epstopdf)                    date: 2015-12-22 07:48:59
(epstopdf)                    size: 10547 bytes
(epstopdf)             Command: <repstopdf --outfile=Figure1-eps-converted-to.p
df Figure1.eps>
(epstopdf)             \includegraphics on input line 920.
Package epstopdf Info: Output file is already uptodate.

<Figure1-eps-converted-to.pdf, id=178, 221.82875pt x 194.7275pt>
File: Figure1-eps-converted-to.pdf Graphic file (type pdf)

<use Figure1-eps-converted-to.pdf>
Package pdftex.def Info: Figure1-eps-converted-to.pdf used on input line 920.
(pdftex.def)             Requested size: 221.82819pt x 194.727pt.
 [42 <./Figure1-eps-converted-to.pdf>]
[43] [44]
Package epstopdf Info: Source file: <Figure2.eps>
(epstopdf)                    date: 2015-12-22 07:48:59
(epstopdf)                    size: 2833 bytes
(epstopdf)             Output file: <Figure2-eps-converted-to.pdf>
(epstopdf)                    date: 2015-12-22 07:48:59
(epstopdf)                    size: 4855 bytes
(epstopdf)             Command: <repstopdf --outfile=Figure2-eps-converted-to.p
df Figure2.eps>
(epstopdf)             \includegraphics on input line 1086.
Package epstopdf Info: Output file is already uptodate.
 <Figure2-eps-converted-to.pdf, id=197, 193.72375pt x 193.72375pt>
File: Figure2-eps-converted-to.pdf Graphic file (type pdf)

<use Figure2-eps-converted-to.pdf>
Package pdftex.def Info: Figure2-eps-converted-to.pdf used on input line 1086.
(pdftex.def)             Requested size: 193.72327pt x 193.72327pt.
 [45] [46 <./Figure2-eps-converted-to.pdf>]
[47] [48] [49]
LaTeX Font Info:    Try loading font information for TS1+lmr on input line 1433
.
 (/usr/share/texmf-dist/tex/latex/lm/ts1lmr.fd
File: ts1lmr.fd 2009/10/30 v1.6 Font defs for Latin Modern
) [50] [51]
LaTeX Font Info:    Try loading font information for OT1+pzc on input line 1548
.

(/usr/share/texmf-dist/tex/latex/psnfss/ot1pzc.fd
File: ot1pzc.fd 2001/06/04 font definitions for OT1/pzc.
)
LaTeX Font Info:    Font shape `OT1/pzc/m/it' in size <10.95> not available
(Font)              Font shape `OT1/pzc/mb/it' tried instead on input line 1548
.
LaTeX Font Info:    Font shape `OT1/pzc/m/it' in size <8> not available
(Font)              Font shape `OT1/pzc/mb/it' tried instead on input line 1548
.
LaTeX Font Info:    Font shape `OT1/pzc/m/it' in size <6> not available
(Font)              Font shape `OT1/pzc/mb/it' tried instead on input line 1548
.
Package epstopdf Info: Source file: <Figure3.eps>
(epstopdf)                    date: 2015-12-22 07:48:59
(epstopdf)                    size: 57495 bytes
(epstopdf)             Output file: <Figure3-eps-converted-to.pdf>
(epstopdf)                    date: 2015-12-22 07:48:59
(epstopdf)                    size: 12059 bytes
(epstopdf)             Command: <repstopdf --outfile=Figure3-eps-converted-to.p
df Figure3.eps>
(epstopdf)             \includegraphics on input line 1557.
Package epstopdf Info: Output file is already uptodate.

<Figure3-eps-converted-to.pdf, id=230, 248.93pt x 470.75874pt>
File: Figure3-eps-converted-to.pdf Graphic file (type pdf)

<use Figure3-eps-converted-to.pdf>
Package pdftex.def Info: Figure3-eps-converted-to.pdf used on input line 1557.
(pdftex.def)             Requested size: 248.92938pt x 470.7576pt.
 [52] [53 <./Figure3-eps-converted-to.pdf>]
Package epstopdf Info: Source file: <Figure4.eps>
(epstopdf)                    date: 2015-12-22 07:48:59
(epstopdf)                    size: 9455 bytes
(epstopdf)             Output file: <Figure4-eps-converted-to.pdf>
(epstopdf)                    date: 2015-12-22 07:48:59
(epstopdf)                    size: 6525 bytes
(epstopdf)             Command: <repstopdf --outfile=Figure4-eps-converted-to.p
df Figure4.eps>
(epstopdf)             \includegraphics on input line 1628.
Package epstopdf Info: Output file is already uptodate.

<Figure4-eps-converted-to.pdf, id=252, 219.82124pt x 126.4725pt>
File: Figure4-eps-converted-to.pdf Graphic file (type pdf)

<use Figure4-eps-converted-to.pdf>
Package pdftex.def Info: Figure4-eps-converted-to.pdf used on input line 1628.
(pdftex.def)             Requested size: 219.8207pt x 126.47218pt.
 [54 <./Figure4-eps-converted-to.pdf>]
[55] [56]
Overfull \hbox (1.17947pt too wide) in paragraph at lines 1822--1826
[]\OT1/lmr/m/n/10.95 The do-main knowl-edge is en-cap-su-lated in the sets of t
ar-gets the mon-i-tor matches
 []

[57]
LaTeX Font Info:    Font shape `OT1/pzc/m/it' in size <9> not available
(Font)              Font shape `OT1/pzc/mb/it' tried instead on input line 1875
.
LaTeX Font Info:    Font shape `OT1/pzc/m/it' in size <5> not available
(Font)              Font shape `OT1/pzc/mb/it' tried instead on input line 1875
.

Underfull \hbox (badness 10000) in paragraph at lines 1892--1900
\OT1/lmr/m/it/10.95 Acknowledgments
 []

[58] [59

]
Overfull \hbox (76.94601pt too wide) in paragraph at lines 2061--2061
[] 
 []

[60]
Overfull \hbox (86.01927pt too wide) detected at line 2137
[]\OT1/lmr/m/n/10.95 ( []\OML/lmm/m/it/10.95 ;  []\OT1/lmr/m/n/10.95 ) = []
 []

[61]
Overfull \hbox (17.20593pt too wide) detected at line 2176
\OT1/lmr/m/n/10.95 ^^A( []\OML/lmm/m/it/10.95 ;  []\OT1/lmr/m/n/10.95 ) = []
 []

) (./chap5.tex

LaTeX Warning: Reference `chap2' on page 62 undefined on input line 5.

[62]
Appendix A.
) (./concl.tex [63

]
Appendix B.
) (./app0.tex) (./app1.tex [64

]
Appendix A.
[65

] [66] (./model/framework [67

]
LaTeX Font Info:    Font shape `OT1/lmtt/bx/n' in size <10> not available
(Font)              Font shape `OT1/lmtt/b/n' tried instead on input line 40.
LaTeX Font Info:    Try loading font information for TS1+lmtt on input line 44.


(/usr/share/texmf-dist/tex/latex/lm/ts1lmtt.fd
File: ts1lmtt.fd 2009/10/30 v1.6 Font defs for Latin Modern
) [68] [69] [70] [71] [72]
[73] [74] [75] [76]) (./model/framework.scm [77] [78] [79] [80] [81] [82]
[83] [84] [85] [86]) (./model/basic-population.scm [87] [88] [89] [90] [91]
[92] [93] [94] [95] [96] [97]) (./model/framework-controls.scm [98] [99])
(./model/framework-classes.scm [100] [101] [102] [103] [104] [105])
(./model/framework-declarations.scm [106] [107] [108] [109] [110] [111]
[112] [113]) (./model/framework-methods.scm [114] [115] [116] [117] [118]
[119] [120] [121] [122] [123] [124] [125] [126] [127] [128] [129] [130]
[131] [132] [133] [134] [135] [136] [137] [138] [139] [140] [141] [142]
[143]) (./model/kernel.scm [144] [145] [146] [147] [148] [149] [150] [151]
[152] [153] [154] [155] [156] [157] [158] [159] [160] [161] [162])
(./model/log.scm [163]) (./model/log-classes.scm [164] [165] [166] [167])
(./model/log-declarations.scm [168] [169] [170]) (./model/log-methods.scm
[171] [172] [173] [174] [175] [176] [177] [178] [179] [180] [181] [182]
[183] [184] [185] [186] [187] [188] [189] [190] [191] [192])
(./model/landscape.scm [193]) (./model/landscape-classes.scm [194] [195]
[196] [197] [198] [199] [200]) (./model/landscape-declarations.scm [201]
[202] [203] [204]) (./model/landscape-methods.scm [205] [206] [207] [208]
[209] [210] [211] [212] [213] [214] [215] [216] [217] [218] [219] [220]
[221] [222] [223] [224] [225] [226] [227] [228] [229] [230] [231] [232]
[233] [234] [235] [236] [237] [238] [239] [240] [241] [242] [243] [244]
[245] [246] [247] [248] [249] [250] [251] [252] [253] [254] [255] [256]
[257] [258] [259] [260] [261] [262] [263] [264] [265] [266] [267] [268])
(./model/animal.scm [269]) (./model/animal-classes.scm [270] [271] [272]
[273]) (./model/animal-declarations.scm [274]) (./model/animal-methods.scm
[275] [276] [277] [278] [279] [280] [281] [282] [283] [284] [285] [286]
[287] [288] [289] [290] [291] [292] [293] [294] [295])
(./model/model-configuration.scm [296] [297] [298] [299] [300] [301] [302]
[303] [304] [305] [306]) [307]) (./biby.tex (./thesis.bbl
Overfull \hbox (74.3739pt too wide) in paragraph at lines 9--12
[]\OT1/lmr/m/n/10 Guile ref-er-ence man-ual: Goops.  https://www.gnu.org/softwa
re/guile/manual/html[]node/GOOPS.html,
 []


Underfull \hbox (badness 1888) in paragraph at lines 14--18
[]\OT1/lmr/m/n/10 Mit/gnu scheme -- scheme ob-ject sys-tem.  https://www.gnu.or
g/software/mit-
 []

LaTeX Font Info:    External font `lmex10' loaded for size
(Font)              <10> on input line 72.
LaTeX Font Info:    External font `lmex10' loaded for size
(Font)              <7> on input line 72.
LaTeX Font Info:    Font shape `OT1/pzc/m/it' in size <10> not available
(Font)              Font shape `OT1/pzc/mb/it' tried instead on input line 72.
LaTeX Font Info:    Font shape `OT1/pzc/m/it' in size <7> not available
(Font)              Font shape `OT1/pzc/mb/it' tried instead on input line 72.
[308


] [309] [310]
Underfull \hbox (badness 1014) in paragraph at lines 314--324
\OT1/lmr/m/n/10 and Ste-fano Maz-zoleni.  The-o-ret-i-cal con-sid-er-a-tions on
 the com-bined use of
 []


Underfull \hbox (badness 2142) in paragraph at lines 314--324
\OT1/lmr/m/it/10 elling\OT1/lmr/m/n/10 , 222(1):210 -- 218, 2011a.  ISSN 0304-3
800.  doi: $DOI : 10 . 1016 / j .
 []


Underfull \hbox (badness 1014) in paragraph at lines 327--337
\OT1/lmr/m/n/10 and Ste-fano Maz-zoleni.  The-o-ret-i-cal con-sid-er-a-tions on
 the com-bined use of
 []


Underfull \hbox (badness 2088) in paragraph at lines 327--337
\OT1/lmr/m/it/10 elling\OT1/lmr/m/n/10 , 222(1):210 -- 218, 2011b.  ISSN 0304-3
800.  doi: $DOI : 10 . 1016 / j .
 []


Underfull \hbox (badness 10000) in paragraph at lines 344--347
[]\OT1/lmr/m/n/10 webpage, Au-gust 2009.  URL $\OT1/lmtt/m/n/10 http : / / www 
. ningaloo . org . au / www / en /
 []

)) (./index.tex
No file thesis.ind.
) [311] (./thesis.aux)

LaTeX Warning: There were undefined references.


LaTeX Warning: Label(s) may have changed. Rerun to get cross-references right.

 )
(\end occurred inside a group at level 1)

### simple group (level 1) entered at line 58 ({)
### bottom level 
Here is how much of TeX's memory you used:
 8886 strings out of 493054
 124726 string characters out of 6140585
 235592 words of memory out of 5000000
 12080 multiletter control sequences out of 15000+600000
 175347 words of font info for 129 fonts, out of 8000000 for 9000
 1141 hyphenation exceptions out of 8191
 40i,26n,43p,1005b,1764s stack positions out of 5000i,500n,10000p,200000b,80000s
{/usr/share/texmf-dist/fonts/enc/dvips/lm/lm-ts1.enc}{/usr/shar
e/texmf-dist/fonts/enc/dvips/lm/lm-rmtt.enc}{/usr/share/texmf-dist/fonts/enc/dv
ips/base/8r.enc}{/usr/share/texmf-dist/fonts/enc/dvips/lm/lm-rm.enc}{/usr/share
/texmf-dist/fonts/enc/dvips/lm/lm-mathit.enc}{/usr/share/texmf-dist/fonts/enc/d
vips/lm/lm-mathsy.enc}{/usr/share/texmf-dist/fonts/enc/dvips/lm/lm-mathex.enc}{
/usr/share/texmf-dist/fonts/enc/dvips/lm/lm-rmsc.enc}</usr/share/texmf-dist/fon
ts/type1/public/amsfonts/euler/eufm10.pfb></usr/share/texmf-dist/fonts/type1/pu
blic/lm/lmbx10.pfb></usr/share/texmf-dist/fonts/type1/public/lm/lmbx12.pfb></us
r/share/texmf-dist/fonts/type1/public/lm/lmbx8.pfb></usr/share/texmf-dist/fonts
/type1/public/lm/lmbxi10.pfb></usr/share/texmf-dist/fonts/type1/public/lm/lmcsc
10.pfb></usr/share/texmf-dist/fonts/type1/public/lm/lmex10.pfb></usr/share/texm
f-dist/fonts/type1/public/lm/lmmi10.pfb></usr/share/texmf-dist/fonts/type1/publ
ic/lm/lmmi6.pfb></usr/share/texmf-dist/fonts/type1/public/lm/lmmi8.pfb></usr/sh
are/texmf-dist/fonts/type1/public/lm/lmmib10.pfb></usr/share/texmf-dist/fonts/t
ype1/public/lm/lmmib7.pfb></usr/share/texmf-dist/fonts/type1/public/lm/lmr10.pf
b></usr/share/texmf-dist/fonts/type1/public/lm/lmr12.pfb></usr/share/texmf-dist
/fonts/type1/public/lm/lmr17.pfb></usr/share/texmf-dist/fonts/type1/public/lm/l
mr6.pfb></usr/share/texmf-dist/fonts/type1/public/lm/lmr8.pfb></usr/share/texmf
-dist/fonts/type1/public/lm/lmr9.pfb></usr/share/texmf-dist/fonts/type1/public/
lm/lmri10.pfb></usr/share/texmf-dist/fonts/type1/public/lm/lmri8.pfb></usr/shar
e/texmf-dist/fonts/type1/public/lm/lmri9.pfb></usr/share/texmf-dist/fonts/type1
/public/lm/lmro10.pfb></usr/share/texmf-dist/fonts/type1/public/lm/lmro9.pfb></
usr/share/texmf-dist/fonts/type1/public/lm/lmss10.pfb></usr/share/texmf-dist/fo
nts/type1/public/lm/lmss8.pfb></usr/share/texmf-dist/fonts/type1/public/lm/lmss
bx10.pfb></usr/share/texmf-dist/fonts/type1/public/lm/lmsy10.pfb></usr/share/te
xmf-dist/fonts/type1/public/lm/lmsy8.pfb></usr/share/texmf-dist/fonts/type1/pub
lic/lm/lmtk10.pfb></usr/share/texmf-dist/fonts/type1/public/lm/lmtt10.pfb></usr
/share/texmf-dist/fonts/type1/public/lm/lmtt8.pfb></usr/share/texmf-dist/fonts/
type1/public/lm/lmtt9.pfb></usr/share/texmf-dist/fonts/type1/public/amsfonts/sy
mbols/msam10.pfb></usr/share/texmf-dist/fonts/type1/public/amsfonts/symbols/msb
m10.pfb></usr/share/texmf-dist/fonts/type1/urw/zapfchan/uzcmi8a.pfb>
Output written on thesis.pdf (315 pages, 1176096 bytes).
PDF statistics:
 1213 PDF objects out of 1440 (max. 8388607)
 839 compressed objects within 9 object streams
 0 named destinations out of 1000 (max. 500000)
 26 words of extra memory for PDF output out of 10000 (max. 10000000)

